<?xml version="1.0" encoding="UTF-8"?>
<!-- Generated by org.testng.reporters.JUnitReportReporter -->
<testsuite hostname="Rishad" failures="0" tests="1" name="com.nxt.qa.Edge_Class.NewClass" time="11.267" errors="0" timestamp="2023-11-19T13:42:34 CST" skipped="0">
  <testcase classname="com.nxt.qa.Edge_Class.NewClass" name="TX" time="11.267"/>
</testsuite> <!-- com.nxt.qa.Edge_Class.NewClass -->
